<?xml version="1.0" encoding="UTF-8"?>
<!-- Generated by org.testng.reporters.JUnitReportReporter -->
<testsuite skipped="0" hostname="DESKTOP-MKC05CU" name="TestOne" tests="1" failures="0" timestamp="14 Nov 2018 05:10:07 GMT" time="14.314" errors="0">
  <testcase name="firstTest" time="14.314" classname="TestOne"/>
</testsuite> <!-- TestOne -->
